<?xml version="1.0" encoding="UTF-8"?>
<!-- Generated by org.testng.reporters.JUnitXMLReporter -->
<testsuite hostname="DESKTOP-V0KV2GF" ignored="0" name="Default test" tests="3" failures="0" timestamp="18 Jul 2023 09:28:29 GMT" time="2.314" errors="0">
  <testcase name="test01" time="1.919" classname="com.Test.LoginTest"/>
  <testcase name="test02" time="0.191" classname="com.Test.LoginTest"/>
  <testcase name="test03" time="0.129" classname="com.Test.LoginTest"/>
</testsuite> <!-- Default test -->
